     [java] 
     [java] *** File type: Adobe Acrobat PDF
     [java] FI_PDFIMAGE (1609)
     [java] application/pdf (1557)
     [java] 
     [java] 
     [java] 
     [java] *** File type: Microsoft Word
     [java] FI_WORDXML2003 (1307)
     [java] application/msword (1102)
     [java] FI_WINWORD2_OLECONV (1096)
     [java] FI_WORDXML12 (1308)
     [java] FI_MACWORD3 (1029)
     [java] FI_MACWORD4 (1030)
     [java] application/msword (1001)
     [java] application/msword (1000)
     [java] application/msword (1055)
     [java] application/msword (1054)
     [java] application/vnd.openxmlformats-officedocument.wordprocessingml.template (1337)
     [java] application/msword (1186)
     [java] application/vnd.openxmlformats-officedocument.wordprocessingml.document (1336)
     [java] application/vnd.ms-word.template.macroEnabled.12 (1339)
     [java] application/msword (1185)
     [java] application/vnd.ms-word.document.macroEnabled.12 (1338)
     [java] application/msword (1065)
     [java] FI_MACWORD97 (1133)
     [java]  (1340)
     [java] application/msword (1126)
     [java] application/vnd.ms-word.template.macroEnabled.12 (1328)
     [java] FI_MACWORD6 (1125)
     [java] application/msword (1082)
     [java] application/msword (1087)
     [java] application/msword (1146)
     [java] application/msword (1086)
     [java] application/vnd.ms-word.document.macroEnabled.12 (1327)
     [java] application/vnd.openxmlformats-officedocument.wordprocessingml.document (1312)
     [java] application/vnd.openxmlformats-officedocument.wordprocessingml.document (1313)
     [java] FI_WPEND2 (1314)
     [java] FI_MACWORD5 (1073)
     [java] application/msword (1317)
     [java] application/vnd.openxmlformats-officedocument.wordprocessingml.document (1318)
     [java] application/msword (1076)
     [java] 
     [java] 
     [java] 
     [java] *** File type: Microsoft Excel
     [java] application/vnd.ms-excel (1424)
     [java] application/vnd.ms-excel (1438)
     [java] application/vnd.ms-excel (1439)
     [java] FI_MACEXCEL4 (1436)
     [java] FI_MACEXCEL5 (1437)
     [java] application/vnd.ms-excel.template.macroEnabled.12 (1479)
     [java] application/vnd.openxmlformats-officedocument.spreadsheetml.template (1478)
     [java] application/vnd.ms-excel.sheet.macroEnabled.12 (1477)
     [java] application/vnd.openxmlformats-officedocument.spreadsheetml.sheet (1476)
     [java] application/vnd.ms-excel (1415)
     [java] application/vnd.ms-excel (1419)
     [java] application/vnd.ms-excel.sheet.binary.macroEnabled.12 (1483)
     [java] application/vnd.openxmlformats-officedocument.spreadsheetml.sheet (1482)
     [java] application/vnd.ms-excel.sheet.binary.macroEnabled.12 (1481)
     [java] application/vnd.ms-excel.addin.macroEnabled.12 (1480)
     [java] application/vnd.ms-excel (1405)
     [java] application/vnd.openxmlformats-officedocument.spreadsheetml.sheet (1456)
     [java] application/vnd.ms-excel.sheet.binary.macroEnabled.12 (1457)
     [java] application/vnd.ms-excel (1458)
     [java] application/vnd.openxmlformats-officedocument.spreadsheetml.sheet (1459)
     [java] application/vnd.openxmlformats-officedocument.spreadsheetml.template (1464)
     [java] application/vnd.ms-excel.sheet.macroEnabled.12 (1465)
     [java] application/vnd.ms-excel.template.macroEnabled.12 (1466)
     [java] application/vnd.ms-excel (1467)
     [java] application/vnd.ms-excel.sheet.binary.macroEnabled.12 (1470)
     [java] application/vnd.ms-excel.addin.macroEnabled.12 (1471)
     [java] FI_MACEXCEL4WORKBOOK (1441)
     [java] application/vnd.ms-excel (1440)
     [java] FI_REGMACEXCEL4WB (1442)
     [java] application/vnd.ms-excel (1446)
     [java] application/vnd.ms-excel (1448)
     [java] application/vnd.ms-excel (1451)
     [java] application/vnd.openxmlformats-officedocument.spreadsheetml.sheet (1455)
     [java] 
     [java] 
     [java] 
     [java] *** File type: Microsoft Power Point
     [java] application/vnd.ms-powerpoint (1642)
     [java] application/vnd.openxmlformats-officedocument.presentationml.presentation (1643)
     [java] application/vnd.ms-powerpoint (1581)
     [java] application/vnd.openxmlformats-officedocument.presentationml.presentation (1635)
     [java] application/vnd.openxmlformats-officedocument.presentationml.presentation (1637)
     [java] application/vnd.ms-powerpoint (1592)
     [java] application/vnd.ms-powerpoint (1548)
     [java] application/vnd.ms-powerpoint (1549)
     [java] application/vnd.ms-powerpoint (1540)
     [java] application/vnd.ms-powerpoint (1600)
     [java] application/vnd.ms-powerpoint.presentation.macroEnabled.12 (2226)
     [java] application/vnd.ms-powerpoint.slideshow.macroEnabled.12 (2227)
     [java] application/vnd.ms-powerpoint.presentation.macroEnabled.12 (2224)
     [java] application/vnd.openxmlformats-officedocument.presentationml.slideshow (2225)
     [java] application/vnd.ms-powerpoint (1543)
     [java] application/vnd.ms-powerpoint (1605)
     [java] application/vnd.openxmlformats-officedocument.presentationml.presentation (2228)
     [java] application/vnd.ms-powerpoint (1538)
     [java] application/vnd.ms-powerpoint (1567)
     [java] application/vnd.ms-powerpoint (1566)
     [java] application/vnd.openxmlformats-officedocument.presentationml.template (2223)
     [java] application/vnd.openxmlform
     [java] 2012-10-16 05:20:47,558 INFO  [STDOUT] (Main Thread:) ats-officedocument.presentationml.presentation (2222)
     [java] FI_EXTPOWERPOINTMAC4 (1563)
     [java] FI_EXTPOWERPOINT4 (1562)
     [java] application/vnd.openxmlformats-officedocument.presentationml.slideshow (2211)
     [java] application/vnd.ms-powerpoint.presentation.macroEnabled.12 (2210)
     [java] application/vnd.ms-powerpoint.presentation.macroEnabled.12 (2209)
     [java] application/vnd.openxmlformats-officedocument.presentationml.template (2208)
     [java] application/vnd.ms-powerpoint.slideshow.macroEnabled.12 (2212)
     [java] 
     [java] 
     [java] 
     [java] *** File type: Email (.eml file)
     [java] FI_TEXTMAIL (1132)
     [java] FI_MIMEOUTLOOKEML (1195)
     [java] FI_MIMEMAIL (1192)
     [java] 
     [java] 
     [java] 
     [java] *** File type: Email (.msg file)
     [java] application/msoutlook (1143)
     [java] 
     [java] 
     [java] 
     [java] *** File type: All word processing documents
     [java] FI_WORDPERFECT6E (1100)
     [java] text/html (1101)
     [java] application/msword (1102)
     [java] FI_AREHANGEUL (1103)
     [java] FI_WINWORD2_OLECONV (1096)
     [java] FI_WORDPERFECT61 (1097)
     [java] FI_FTDF (1098)
     [java] FI_WORDPERFECT5E (1099)
     [java] FI_CEOWRITE (1092)
     [java] FI_WINWORKSWP3 (1093)
     [java] FI_WORDPAD (1094)
     [java] FI_WPFUNKNOWN (1095)
     [java] FI_MATSU4 (1088)
     [java] FI_MATSU5 (1089)
     [java] FI_P1 (1090)
     [java] rtf (1091)
     [java] text/html (1117)
     [java] text/html (1116)
     [java] text/plain (1119)
     [java] text/plain (1118)
     [java] text/html (1113)
     [java] text/html (1112)
     [java] text/html (1115)
     [java] text/html (1114)
     [java] text/html (1109)
     [java] lwp (1108)
     [java] text/html (1111)
     [java] text/html (1110)
     [java] FI_WINWORKSWP4 (1105)
     [java] FI_HANA (1104)
     [java] FI_WORDPERFECT7 (1107)
     [java] FI_PERFECTWORKS1 (1106)
     [java] FI_INTERLEAFJ (1134)
     [java] FI_MIFF3J (1135)
     [java] FI_MACWORD97 (1133)
     [java] FI_MIFF4 (1130)
     [java] FI_MIFF5 (1131)
     [java] FI_INTERLEAF (1128)
     [java] FI_MIFF3 (1129)
     [java] application/msword (1126)
     [java] FI_RAINBOW (1127)
     [java] FI_WPSPLUS (1124)
     [java] FI_MACWORD6 (1125)
     [java] FI_WWRITE_HANGEUL (1122)
     [java] FI_WWRITE_CHINESEBIG5 (1123)
     [java] FI_WWRITE_SHIFTJIS (1120)
     [java] FI_WWRITE_CHINESEGB (1121)
     [java] xml (1151)
     [java] xml (1150)
     [java] text/html (1149)
     [java] text/html (1148)
     [java] text/html (1147)
     [java] application/msword (1146)
     [java] lwp (1145)
     [java] FI_POCKETWORD (1144)
     [java] FI_HTML_CSS (1142)
     [java] FI_VCARD (1141)
     [java] jtd (1140)
     [java] FI_WORDPERFECT8 (1139)
     [java] FI_MIFF55 (1138)
     [java] FI_MIFF5J (1137)
     [java] FI_MIFF4J (1136)
     [java] FI_MACWRITEII (1032)
     [java] FI_XYWRITE (1033)
     [java] FI_FFT (1034)
     [java] FI_MACWORDPERFECT (1035)
     [java] FI_DISPLAYWRITE4 (1036)
     [java] FI_MASS11VAX (1037)
     [java] FI_WORDPERFECT51 (1038)
     [java] FI_MULTIMATE40 (1039)
     [java] FI_TOTALWORD (1024)
     [java] FI_IWP (1025)
     [java] FI_WORDSTAR55 (1026)
     [java] FI_WANGWPS (1027)
     [java] rtf (1028)
     [java] FI_MACWORD3 (1029)
     [java] FI_MACWORD4 (1030)
     [java] FI_MASS11PC (1031)
     [java] FI_WORKS2 (1049)
     [java] FI_WORKS1 (1048)
     [java] FI_OFFICEWRITER (1051)
     [java] FI_WORDSTAR6 (1050)
     [java] FI_DISPLAYWRITE5 (1053)
     [java] FI_MACWORD4COMPLEX (1052)
     [java] application/msword (1055)
     [java] application/msword (1054)
     [java] FI_MULTIMATENOTE (1041)
     [java] FI_QAWRITE (1040)
     [java] FI_PCFILELETTER (1043)
     [java]  (1042)
     [java] FI_MANUSCRIPT2 (1045)
     [java] FI_MANUSCRIPT1 (1044)
     [java] FI_WINWRITE (1047)
     [java] FI_ENABLEWP (1046)
     [java] FI_JUSTWRITE (1066)
     [java] FI_WORDSTAR7 (1067)
     [java] FI_WINWORDSTAR (1064)
     [java] application/msword (1065)
     [java] FI_AMICLIP (1070)
     [java] FI_LEGACYCLIP (1071)
     [java] FI_WINWORKSWP (1068)
     [java] FI_JUSTWRITE2 (1069)
     [java] FI_FIRSTCHOICE3 (1058)
     [java] FI_MACWORDPERFECT2 (1059)
     [java] FI_AMI (1056)
     [java] FI_AMIPRO (1057)
     [java] FI_LEGACY (1062)
     [java] FI_SIGNATURE (1063)
     [java] FI_MACWORKSWP2 (1060)
     [java] FI_PROWRITEPLUS (1061)
     [java] FI_WORDPERFECT51J (1083)
     [java] application/msword (1082)
     [java] FI_CEOWORD (1081)
     [java] FI_MACWORDPERFECT3 (1080)
     [java] application/msword (1087)
     [java] application/msword (1086)
     [java] jsw (1085)
     [java] jxw (1084)
     [java] FI_WORDPERFECT6 (1075)
     [java] FI_ENABLEWP4 (1074)
     [java] FI_MACWORD5 (1073)
     [java] FI_PROWRITEPLUSCLIP (1072)
     [java] FI_QAWRITE3 (1079)
     [java] FI_WPFENCRYPT (1078)
     [java] FI_DX31 (1077)
     [java] application/msword (1076)
     [java] FI_WINWORKSDB4 (1221)
     [java] FI_WINWORKSDB3 (1220)
     [java] FI_MSPROJECT98 (1223)
     [java] FI_ACCESS7 (1222)
     [java] FI_PARADOX4 (1217)
     [java] FI_WINWORKSDB (1216)
     [java] FI_CEODB (1219)
     [java] FI_ACCESS1 (1218)
     [java]  (1229)
     [java]  (1228)
     [java]  (1231)
     [java]  (1230)
     [java] FI_DBEND (1225)
     [java] FI_MSPROJECT2000 (1224)
     [java]  (1227)
     [java]  (1226)
     [java]  (1236)
     [java]  (1237)
     [java]  (1238)
     [java]  (1239)
     [java]  (1232)
     [java]  (1233)
     [java]  (1234)
     [java]  (1235)
     [java]  (1244)
     [java]  (1245)
     [java]  (1246)
     [java]  (1247)
     [java]  (1240)
     [java]  (1241)
     [java]  (1242)
     [java]  (1243)
     [java]  (1255)
     [java]  (1254)
     [java]  (1253)
     [java]  (1252)
     [java]  (1251)
     [java]  (1250)
     [java]  (1249)
     [java]  (1248)
     [java]  (1263)
     [java]  (1262)
     [java]  (1261)
     [java]  (1260)
     [java]  (1259)
     [java]  (1258)
     [java]  (1257)
     [java]  (1256)
     [java]  (1270)
     [java]  (1271)
     [java]  (1268)
     [java]  (1269)
     [java]  (1266)
     [java]  (1267)
     [java]  (1264)
     [java]  (1265)
     [java]  (1278)
     [java]  (1279)
     [java]  (1276)
     [java]  (1277)
     [java]  (1274)
     [java]  (1275)
     [java]  (1272)
     [java]  (1273)
     [java] text/html (1153)
     [java] FI_WMLB (1152)
     [java] xml (1155)
     [java] xml (1154)
     [java] xml (1157)
     [java] xml (1156)
     [java] xml (1159)
     [java] xml (1158)
     [java] xml (1161)
     [java] xml (1160)
     [java] xml (1163)
     [java] xml (1162)
     [java] FI_STAROFFICEWRITER52 (1165)
     [java] FI_WML_CSS (1164)
     [java] FI_MIFF6J (1167)
     [java] FI_MIFF6 (1166)
     [java] FI_MIFF (1168)
     [java] FI_JAVASCRIPT (1169)
     [java] text/plain (1170)
     [java] FI_HDML (1171)
     [java] FI_CHTML (1172)
     [java] FI_XHTMLB (1
     [java] 2012-10-16 05:20:47,558 INFO  [STDOUT] (Main Thread:) 173)
     [java] FI_HTMLAG (1174)
     [java] FI_HTMLWCA (1175)
     [java] FI_SEARCHML (1176)
     [java] FI_POCKETWORD20 (1177)
     [java] FI_WIRELESSHTML (1178)
     [java] FI_HANGULWP97 (1179)
     [java] FI_HANGULWP2002 (1180)
     [java] text/html (1181)
     [java] text/html (1182)
     [java] FI_PAGEML (1183)
     [java] FI_MIME (1187)
     [java] application/msword (1186)
     [java] application/msword (1185)
     [java] FI_EBCDIC (1184)
     [java] FI_MSWORKS2000 (1191)
     [java] text/html (1190)
     [java] FI_OUTLOOK_PST (1189)
     [java] FI_STAROFFICEWRITER6 (1188)
     [java] FI_MIMEOUTLOOKNEWS (1194)
     [java] FI_MIMENEWS (1193)
     [java] FI_WPEND (1199)
     [java] FI_MHTML (1198)
     [java] FI_TNEF (1197)
     [java] FI_VCAL (1196)
     [java] FI_DBASE4 (1202)
     [java] FI_FRAMEWORKIII (1203)
     [java] FI_SMARTDATA (1200)
     [java] FI_DBASE3 (1201)
     [java] FI_PARADOX3 (1206)
     [java] FI_PARADOX35 (1207)
     [java] FI_WORKSDATA (1204)
     [java] FI_DATAEASE (1205)
     [java] FI_RBASEV (1210)
     [java] FI_RBASE5000 (1211)
     [java] FI_QADBASE (1208)
     [java] FI_REFLEX (1209)
     [java] FI_FIRSTCHOICE_DB (1214)
     [java] FI_MACWORKSDB2 (1215)
     [java] FI_RBASEFILE1 (1212)
     [java] FI_RBASEFILE3 (1213)
     [java] FI_WORDXML2003 (1307)
     [java] FI_YAHOOIM (1306)
     [java] FI_SEARCHML30 (1305)
     [java] FI_SEARCHML20 (1304)
     [java] FI_OUTLOOK_OFT (1311)
     [java] FI_SEARCHML31 (1310)
     [java] FI_STAROFFICEWRITER8 (1309)
     [java] FI_WORDXML12 (1308)
     [java]  (1299)
     [java]  (1298)
     [java]  (1297)
     [java]  (1296)
     [java] FI_PAB_2002 (1303)
     [java] FI_PST_2003 (1302)
     [java] FI_PSTF (1301)
     [java] FI_SEARCHTEXT (1300)
     [java]  (1290)
     [java]  (1291)
     [java]  (1288)
     [java]  (1289)
     [java]  (1294)
     [java]  (1295)
     [java]  (1292)
     [java]  (1293)
     [java]  (1282)
     [java]  (1283)
     [java]  (1280)
     [java]  (1281)
     [java]  (1286)
     [java]  (1287)
     [java]  (1284)
     [java]  (1285)
     [java] application/vnd.openxmlformats-officedocument.wordprocessingml.document (1312)
     [java] application/vnd.openxmlformats-officedocument.wordprocessingml.document (1313)
     [java] FI_WPEND2 (1314)
     [java]  (1315)
     [java]  (1316)
     [java] application/msword (1317)
     [java] application/vnd.openxmlformats-officedocument.wordprocessingml.document (1318)
     [java]  (1319)
     [java] FI_IBMWRITING (1016)
     [java] FI_FIRSTCHOICE (1017)
     [java] FI_WORDMARC (1018)
     [java] FI_DIF (1019)
     [java] FI_VOLKSWRITER (1020)
     [java] FI_DX (1021)
     [java] FI_SPRINT (1022)
     [java] FI_WORDPERFECT42 (1023)
     [java] FI_RFT (1008)
     [java] text/plain (1009)
     [java] FI_SMART (1010)
     [java] FI_SAMNA (1011)
     [java] FI_PFSWRITEA (1012)
     [java] FI_PFSWRITEB (1013)
     [java] FI_PROWRITE1 (1014)
     [java] FI_PROWRITE2 (1015)
     [java] application/msword (1001)
     [java] application/msword (1000)
     [java] FI_WORDSTAR4 (1003)
     [java] FI_WORDSTAR5 (1002)
     [java] FI_WORDPERFECT5 (1005)
     [java] FI_WORDSTAR2000 (1004)
     [java] FI_MULTIMATEADV (1007)
     [java] FI_MULTIMATE36 (1006)
     [java] 
     [java] 
     [java] 
     [java] *** File type: All spreadsheets
     [java] application/vnd.ms-excel (1405)
     [java] FI_SMARTSHEET (1404)
     [java] FI_WORKSSHEET (1407)
     [java] FI_ENABLESHEET (1406)
     [java] 123 (1401)
     [java] FI_SYMPHONY1 (1400)
     [java] 123 (1403)
     [java] 123 (1402)
     [java]  (1494)
     [java]  (1495)
     [java]  (1492)
     [java]  (1493)
     [java]  (1490)
     [java]  (1491)
     [java]  (1488)
     [java]  (1489)
     [java]  (1498)
     [java]  (1499)
     [java]  (1496)
     [java]  (1497)
     [java] application/vnd.ms-excel.template.macroEnabled.12 (1479)
     [java] application/vnd.openxmlformats-officedocument.spreadsheetml.template (1478)
     [java] application/vnd.ms-excel.sheet.macroEnabled.12 (1477)
     [java] application/vnd.openxmlformats-officedocument.spreadsheetml.sheet (1476)
     [java]  (1475)
     [java]  (1474)
     [java]  (1473)
     [java]  (1472)
     [java]  (1487)
     [java]  (1486)
     [java]  (1485)
     [java]  (1484)
     [java] application/vnd.ms-excel.sheet.binary.macroEnabled.12 (1483)
     [java] application/vnd.openxmlformats-officedocument.spreadsheetml.sheet (1482)
     [java] application/vnd.ms-excel.sheet.binary.macroEnabled.12 (1481)
     [java] application/vnd.ms-excel.addin.macroEnabled.12 (1480)
     [java] FI_WINWORKSSS3 (1426)
     [java] FI_QUATTROPRO4 (1427)
     [java] application/vnd.ms-excel (1424)
     [java] FI_MULTIPLAN4 (1425)
     [java] FI_123R2OS2 (1430)
     [java] FI_123R2OS2CHART (1431)
     [java] FI_QUATTROPRO5 (1428)
     [java] FI_QUATTROPRO6 (1429)
     [java] FI_QUATTROPRO7GR (1434)
     [java] 123 (1435)
     [java] FI_WINWORKSSS4 (1432)
     [java] FI_QUATTROPRO7NB (1433)
     [java] application/vnd.ms-excel (1438)
     [java] application/vnd.ms-excel (1439)
     [java] FI_MACEXCEL4 (1436)
     [java] FI_MACEXCEL5 (1437)
     [java] FI_QUATTROPRO (1411)
     [java] FI_SUPERCALC5 (1410)
     [java] FI_TWIN (1409)
     [java] FI_VPPLANNER (1408)
     [java] application/vnd.ms-excel (1415)
     [java] FI_FIRSTCHOICE_SS (1414)
     [java] FI_PFS_PLAN (1413)
     [java] FI_QUATTRO (1412)
     [java] application/vnd.ms-excel (1419)
     [java] FI_WINWORKSSS (1418)
     [java] FI_MACWORKSSS2 (1417)
     [java] FI_GENERIC_WKS (1416)
     [java] FI_CEOSS (1423)
     [java] FI_QUATTROPRO1J (1422)
     [java] 123 (1421)
     [java] FI_QUATTROPROWIN (1420)
     [java] application/vnd.openxmlformats-officedocument.spreadsheetml.sheet (1456)
     [java] application/vnd.ms-excel.sheet.binary.macroEnabled.12 (1457)
     [java] application/vnd.ms-excel (1458)
     [java] application/vnd.openxmlformats-officedocument.spreadsheetml.sheet (1459)
     [java]  (1460)
     [java]  (1461)
     [java]  (1462)
     [java]  (1463)
     [java] application/vnd.openxmlformats-officedocument.spreadsheetml.template (1464)
     [java] application/vnd.ms-excel.sheet.macroEnabled.12 (1465)
     [java] application/vnd.ms-excel.template.macroEnabled.12 (1466)
     [java] application/vnd.ms-excel (1467)
     [java]  (1468)
     [java]  (1469)
     [java] application/vnd.ms-excel.sheet.binary.ma
     [java] 2012-10-16 05:20:47,558 INFO  [STDOUT] (Main Thread:) croEnabled.12 (1470)
     [java] application/vnd.ms-excel.addin.macroEnabled.12 (1471)
     [java] FI_MACEXCEL4WORKBOOK (1441)
     [java] application/vnd.ms-excel (1440)
     [java] 123 (1443)
     [java] FI_REGMACEXCEL4WB (1442)
     [java] FI_QUATTROPRO9NB (1445)
     [java] FI_QUATTROPRO8 (1444)
     [java] FI_QUATTROPRO10NB (1447)
     [java] application/vnd.ms-excel (1446)
     [java] FI_STAROFFICECALC52 (1449)
     [java] application/vnd.ms-excel (1448)
     [java] application/vnd.ms-excel (1451)
     [java] FI_QUATTROPRO11NB (1450)
     [java] FI_QUATTROPRO12NB (1453)
     [java] FI_STAROFFICECALC6 (1452)
     [java] application/vnd.openxmlformats-officedocument.spreadsheetml.sheet (1455)
     [java] FI_STAROFFICECALC8 (1454)
     [java] 
     [java] 
     [java] 
     [java] *** File type: All images
     [java]  (1646)
     [java] FI_PCX (1502)
     [java] image/gif (1503)
     [java] FI_BMP (1500)
     [java] image/tiff (1501)
     [java] FI_OS2V2BMP (1639)
     [java] FI_MICROSOFT_XPS (1636)
     [java] FI_WPG2 (1527)
     [java] FI_CANDY4 (1532)
     [java] FI_DGN (1601)
     [java] FI_HANAKO1 (1533)
     [java] FI_BMP5 (1602)
     [java] FI_HANAKO2 (1534)
     [java] image/jpeg (1535)
     [java] FI_WBMP (1603)
     [java] FI_CGM (1528)
     [java] FI_MIFFG (1604)
     [java] FI_WPG10 (1606)
     [java] FI_LOTUSPIC (1509)
     [java] FI_EXPORTIMAGE			 (1625)
     [java] FI_WINDOWSMETA (1508)
     [java] FI_AMIDRAW (1511)
     [java] FI_MACPICT1 (1510)
     [java] FI_CCITTGRP3 (1505)
     [java] image/tiff (1504)
     [java] FI_WPG (1507)
     [java] FI_MACPICT2 (1506)
     [java] FI_MICROGRAFX (1517)
     [java] FI_WINDOWSCURSOR (1516)
     [java] FI_MACPAINT (1518)
     [java] FI_GEMIMG (1513)
     [java] FI_TARGA (1512)
     [java] FI_WINDOWSICON (1515)
     [java] FI_OS2DIB (1514)
     [java] FI_GDF (1578)
     [java] FI_DESIGNER (1579)
     [java] FI_PNG (1574)
     [java] FI_XDUMP (1575)
     [java] FI_XPIXMAP (1572)
     [java] FI_CALSRASTER (1573)
     [java] FI_IBMPIF (1570)
     [java] FI_XBITMAP (1571)
     [java] FI_IGES (1569)
     [java] FI_JPEGFIF (1599)
     [java] FI_FLASHPIX (1594)
     [java] FI_PAINTSHOPPRO (1593)
     [java] FI_ADOBEPHOTOSHOP (1591)
     [java] FI_PPM (1590)
     [java] FI_PGM (1589)
     [java] FI_PBM (1588)
     [java] FI_OS2WARPBMP (1551)
     [java] FI_DXFA (1544)
     [java] FI_DXFB (1545)
     [java] FI_DXB (1546)
     [java] FI_OS2METAFILE (1542)
     [java] FI_DCX (1539)
     [java] FI_GEM (1565)
     [java] FI_ENHWINDOWSMETA (1564)
     [java] FI_KODAKPCD (1561)
     [java] FI_WPG7 (1556)
     [java] FI_SUNRASTER (1559)
     [java] 
     [java] 
     [java] 
     [java] *** File type: All multimedia (sound and video)
     [java]  (1798)
     [java]  (1799)
     [java]  (1796)
     [java]  (1797)
     [java]  (1794)
     [java]  (1795)
     [java]  (1792)
     [java]  (1793)
     [java]  (1763)
     [java]  (1762)
     [java]  (1761)
     [java]  (1760)
     [java]  (1767)
     [java]  (1766)
     [java]  (1765)
     [java]  (1764)
     [java]  (1771)
     [java]  (1770)
     [java]  (1769)
     [java]  (1768)
     [java]  (1775)
     [java]  (1774)
     [java]  (1773)
     [java]  (1772)
     [java]  (1778)
     [java]  (1779)
     [java]  (1776)
     [java]  (1777)
     [java]  (1782)
     [java]  (1783)
     [java]  (1780)
     [java]  (1781)
     [java]  (1786)
     [java]  (1787)
     [java]  (1784)
     [java]  (1785)
     [java]  (1790)
     [java]  (1791)
     [java]  (1788)
     [java]  (1789)
     [java]  (1729)
     [java]  (1728)
     [java]  (1731)
     [java]  (1730)
     [java]  (1733)
     [java]  (1732)
     [java]  (1735)
     [java]  (1734)
     [java]  (1737)
     [java]  (1736)
     [java]  (1739)
     [java]  (1738)
     [java]  (1741)
     [java]  (1740)
     [java]  (1743)
     [java]  (1742)
     [java]  (1744)
     [java]  (1745)
     [java]  (1746)
     [java]  (1747)
     [java]  (1748)
     [java]  (1749)
     [java]  (1750)
     [java]  (1751)
     [java]  (1752)
     [java]  (1753)
     [java]  (1754)
     [java]  (1755)
     [java]  (1756)
     [java]  (1757)
     [java]  (1758)
     [java]  (1759)
     [java] FI_DIRECTOR (1703)
     [java] FI_MIDI (1702)
     [java] FI_RIFFAVI (1701)
     [java] FI_RIFFWAVE (1700)
     [java] FI_MPGAV1L1 (1711)
     [java] FI_MP3 (1710)
     [java] FI_ID32 (1709)
     [java] FI_ID31 (1708)
     [java] FI_MP3_ID32 (1707)
     [java] FI_MP3_ID31 (1706)
     [java] FI_QUICKTIME1705 (1705)
     [java] FI_FLASH (1704)
     [java]  (1718)
     [java]  (1719)
     [java]  (1716)
     [java]  (1717)
     [java] FI_MPGAV2L2 (1714)
     [java] FI_MULTIMEND (1715)
     [java] FI_MPGAV1L2 (1712)
     [java] FI_MPGAV2L1 (1713)
     [java]  (1726)
     [java]  (1727)
     [java]  (1724)
     [java]  (1725)
     [java]  (1722)
     [java]  (1723)
     [java]  (1720)
     [java]  (1721)
     [java] 
     [java] 
     [java] 
     [java] *** File type: All programs
     [java] FI_SPECIALEND (1820)
     [java] application/zip (1803)
     [java] FI_EXECUTABLE (1800)
     [java] FI_COM (1801)
     [java] 
     [java] 
     [java] 
     [java] *** File type: Other types
     [java] 
     [java] 

BUILD SUCCESSFUL
Total time: 11 seconds
ANT COMMAND DONE
